cl : command line warning D9035: option 'Gm' has been deprecated and will be removed in a future release
  myRoom.cpp
D:\dhcnhn\ki_6\DHMT\BaiTapLon\DHMT\Nhom7DHMT\GLSLExperiment\myRoom.cpp(169,42): warning C4305: 'argument': truncation from 'double' to 'GLfloat'
D:\dhcnhn\ki_6\DHMT\BaiTapLon\DHMT\Nhom7DHMT\GLSLExperiment\myRoom.cpp(170,41): warning C4305: 'argument': truncation from 'double' to 'GLfloat'
D:\dhcnhn\ki_6\DHMT\BaiTapLon\DHMT\Nhom7DHMT\GLSLExperiment\myRoom.cpp(175,50): warning C4244: 'argument': conversion from 'double' to 'GLfloat', possible loss of data
D:\dhcnhn\ki_6\DHMT\BaiTapLon\DHMT\Nhom7DHMT\GLSLExperiment\myRoom.cpp(175,39): warning C4244: 'argument': conversion from 'double' to 'GLfloat', possible loss of data
D:\dhcnhn\ki_6\DHMT\BaiTapLon\DHMT\Nhom7DHMT\GLSLExperiment\myRoom.cpp(175,28): warning C4244: 'argument': conversion from 'double' to 'GLfloat', possible loss of data
D:\dhcnhn\ki_6\DHMT\BaiTapLon\DHMT\Nhom7DHMT\GLSLExperiment\myRoom.cpp(193,51): warning C4305: 'argument': truncation from 'double' to 'const GLfloat'
D:\dhcnhn\ki_6\DHMT\BaiTapLon\DHMT\Nhom7DHMT\GLSLExperiment\myRoom.cpp(225,55): warning C4305: 'argument': truncation from 'double' to 'const GLfloat'
D:\dhcnhn\ki_6\DHMT\BaiTapLon\DHMT\Nhom7DHMT\GLSLExperiment\myRoom.cpp(232,54): warning C4305: 'argument': truncation from 'double' to 'const GLfloat'
D:\dhcnhn\ki_6\DHMT\BaiTapLon\DHMT\Nhom7DHMT\GLSLExperiment\myRoom.cpp(239,57): warning C4305: 'argument': truncation from 'double' to 'const GLfloat'
D:\dhcnhn\ki_6\DHMT\BaiTapLon\DHMT\Nhom7DHMT\GLSLExperiment\myRoom.cpp(439,31): warning C4305: 'argument': truncation from 'double' to 'const GLfloat'
D:\dhcnhn\ki_6\DHMT\BaiTapLon\DHMT\Nhom7DHMT\GLSLExperiment\myRoom.cpp(439,55): warning C4305: 'argument': truncation from 'double' to 'const GLfloat'
D:\dhcnhn\ki_6\DHMT\BaiTapLon\DHMT\Nhom7DHMT\GLSLExperiment\myRoom.cpp(445,31): warning C4305: 'argument': truncation from 'double' to 'const GLfloat'
D:\dhcnhn\ki_6\DHMT\BaiTapLon\DHMT\Nhom7DHMT\GLSLExperiment\myRoom.cpp(445,60): warning C4305: 'argument': truncation from 'double' to 'const GLfloat'
D:\dhcnhn\ki_6\DHMT\BaiTapLon\DHMT\Nhom7DHMT\GLSLExperiment\myRoom.cpp(445,84): warning C4305: 'argument': truncation from 'double' to 'const GLfloat'
D:\dhcnhn\ki_6\DHMT\BaiTapLon\DHMT\Nhom7DHMT\GLSLExperiment\myRoom.cpp(449,31): warning C4305: 'argument': truncation from 'double' to 'const GLfloat'
D:\dhcnhn\ki_6\DHMT\BaiTapLon\DHMT\Nhom7DHMT\GLSLExperiment\myRoom.cpp(449,58): warning C4305: 'argument': truncation from 'double' to 'const GLfloat'
D:\dhcnhn\ki_6\DHMT\BaiTapLon\DHMT\Nhom7DHMT\GLSLExperiment\myRoom.cpp(449,82): warning C4305: 'argument': truncation from 'double' to 'const GLfloat'
D:\dhcnhn\ki_6\DHMT\BaiTapLon\DHMT\Nhom7DHMT\GLSLExperiment\myRoom.cpp(453,31): warning C4305: 'argument': truncation from 'double' to 'const GLfloat'
D:\dhcnhn\ki_6\DHMT\BaiTapLon\DHMT\Nhom7DHMT\GLSLExperiment\myRoom.cpp(453,58): warning C4305: 'argument': truncation from 'double' to 'const GLfloat'
D:\dhcnhn\ki_6\DHMT\BaiTapLon\DHMT\Nhom7DHMT\GLSLExperiment\myRoom.cpp(453,82): warning C4305: 'argument': truncation from 'double' to 'const GLfloat'
D:\dhcnhn\ki_6\DHMT\BaiTapLon\DHMT\Nhom7DHMT\GLSLExperiment\myRoom.cpp(457,31): warning C4305: 'argument': truncation from 'double' to 'const GLfloat'
D:\dhcnhn\ki_6\DHMT\BaiTapLon\DHMT\Nhom7DHMT\GLSLExperiment\myRoom.cpp(457,59): warning C4305: 'argument': truncation from 'double' to 'const GLfloat'
D:\dhcnhn\ki_6\DHMT\BaiTapLon\DHMT\Nhom7DHMT\GLSLExperiment\myRoom.cpp(457,83): warning C4305: 'argument': truncation from 'double' to 'const GLfloat'
D:\dhcnhn\ki_6\DHMT\BaiTapLon\DHMT\Nhom7DHMT\GLSLExperiment\myRoom.cpp(461,32): warning C4305: 'argument': truncation from 'double' to 'const GLfloat'
D:\dhcnhn\ki_6\DHMT\BaiTapLon\DHMT\Nhom7DHMT\GLSLExperiment\myRoom.cpp(461,60): warning C4305: 'argument': truncation from 'double' to 'const GLfloat'
D:\dhcnhn\ki_6\DHMT\BaiTapLon\DHMT\Nhom7DHMT\GLSLExperiment\myRoom.cpp(461,84): warning C4305: 'argument': truncation from 'double' to 'const GLfloat'
D:\dhcnhn\ki_6\DHMT\BaiTapLon\DHMT\Nhom7DHMT\GLSLExperiment\myRoom.cpp(471,60): warning C4305: 'argument': truncation from 'double' to 'const GLfloat'
D:\dhcnhn\ki_6\DHMT\BaiTapLon\DHMT\Nhom7DHMT\GLSLExperiment\myRoom.cpp(478,45): warning C4305: 'argument': truncation from 'double' to 'const GLfloat'
D:\dhcnhn\ki_6\DHMT\BaiTapLon\DHMT\Nhom7DHMT\GLSLExperiment\myRoom.cpp(478,71): warning C4305: 'argument': truncation from 'double' to 'const GLfloat'
D:\dhcnhn\ki_6\DHMT\BaiTapLon\DHMT\Nhom7DHMT\GLSLExperiment\myRoom.cpp(489,32): warning C4305: 'argument': truncation from 'double' to 'const GLfloat'
D:\dhcnhn\ki_6\DHMT\BaiTapLon\DHMT\Nhom7DHMT\GLSLExperiment\myRoom.cpp(496,33): warning C4305: 'argument': truncation from 'double' to 'const GLfloat'
D:\dhcnhn\ki_6\DHMT\BaiTapLon\DHMT\Nhom7DHMT\GLSLExperiment\myRoom.cpp(496,80): warning C4305: 'argument': truncation from 'double' to 'const GLfloat'
D:\dhcnhn\ki_6\DHMT\BaiTapLon\DHMT\Nhom7DHMT\GLSLExperiment\myRoom.cpp(502,36): warning C4305: 'argument': truncation from 'double' to 'const GLfloat'
D:\dhcnhn\ki_6\DHMT\BaiTapLon\DHMT\Nhom7DHMT\GLSLExperiment\myRoom.cpp(502,74): warning C4305: 'argument': truncation from 'double' to 'const GLfloat'
D:\dhcnhn\ki_6\DHMT\BaiTapLon\DHMT\Nhom7DHMT\GLSLExperiment\myRoom.cpp(506,36): warning C4305: 'argument': truncation from 'double' to 'const GLfloat'
D:\dhcnhn\ki_6\DHMT\BaiTapLon\DHMT\Nhom7DHMT\GLSLExperiment\myRoom.cpp(506,74): warning C4305: 'argument': truncation from 'double' to 'const GLfloat'
D:\dhcnhn\ki_6\DHMT\BaiTapLon\DHMT\Nhom7DHMT\GLSLExperiment\myRoom.cpp(506,98): warning C4305: 'argument': truncation from 'double' to 'const GLfloat'
D:\dhcnhn\ki_6\DHMT\BaiTapLon\DHMT\Nhom7DHMT\GLSLExperiment\myRoom.cpp(510,36): warning C4305: 'argument': truncation from 'double' to 'const GLfloat'
D:\dhcnhn\ki_6\DHMT\BaiTapLon\DHMT\Nhom7DHMT\GLSLExperiment\myRoom.cpp(510,74): warning C4305: 'argument': truncation from 'double' to 'const GLfloat'
D:\dhcnhn\ki_6\DHMT\BaiTapLon\DHMT\Nhom7DHMT\GLSLExperiment\myRoom.cpp(510,102): warning C4305: 'argument': truncation from 'double' to 'const GLfloat'
D:\dhcnhn\ki_6\DHMT\BaiTapLon\DHMT\Nhom7DHMT\GLSLExperiment\myRoom.cpp(514,36): warning C4305: 'argument': truncation from 'double' to 'const GLfloat'
D:\dhcnhn\ki_6\DHMT\BaiTapLon\DHMT\Nhom7DHMT\GLSLExperiment\myRoom.cpp(514,74): warning C4305: 'argument': truncation from 'double' to 'const GLfloat'
D:\dhcnhn\ki_6\DHMT\BaiTapLon\DHMT\Nhom7DHMT\GLSLExperiment\myRoom.cpp(514,103): warning C4305: 'argument': truncation from 'double' to 'const GLfloat'
D:\dhcnhn\ki_6\DHMT\BaiTapLon\DHMT\Nhom7DHMT\GLSLExperiment\myRoom.cpp(520,33): warning C4305: 'argument': truncation from 'double' to 'const GLfloat'
D:\dhcnhn\ki_6\DHMT\BaiTapLon\DHMT\Nhom7DHMT\GLSLExperiment\myRoom.cpp(524,33): warning C4305: 'argument': truncation from 'double' to 'const GLfloat'
D:\dhcnhn\ki_6\DHMT\BaiTapLon\DHMT\Nhom7DHMT\GLSLExperiment\myRoom.cpp(524,63): warning C4305: 'argument': truncation from 'double' to 'const GLfloat'
D:\dhcnhn\ki_6\DHMT\BaiTapLon\DHMT\Nhom7DHMT\GLSLExperiment\myRoom.cpp(529,32): warning C4305: 'argument': truncation from 'double' to 'const GLfloat'
D:\dhcnhn\ki_6\DHMT\BaiTapLon\DHMT\Nhom7DHMT\GLSLExperiment\myRoom.cpp(533,32): warning C4305: 'argument': truncation from 'double' to 'const GLfloat'
D:\dhcnhn\ki_6\DHMT\BaiTapLon\DHMT\Nhom7DHMT\GLSLExperiment\myRoom.cpp(533,62): warning C4305: 'argument': truncation from 'double' to 'const GLfloat'
D:\dhcnhn\ki_6\DHMT\BaiTapLon\DHMT\Nhom7DHMT\GLSLExperiment\myRoom.cpp(545,16): warning C4305: '=': truncation from 'double' to 'GLfloat'
D:\dhcnhn\ki_6\DHMT\BaiTapLon\DHMT\Nhom7DHMT\GLSLExperiment\myRoom.cpp(547,39): warning C4305: 'argument': truncation from 'double' to 'const GLfloat'
D:\dhcnhn\ki_6\DHMT\BaiTapLon\DHMT\Nhom7DHMT\GLSLExperiment\myRoom.cpp(551,38): warning C4305: 'argument': truncation from 'double' to 'const GLfloat'
D:\dhcnhn\ki_6\DHMT\BaiTapLon\DHMT\Nhom7DHMT\GLSLExperiment\myRoom.cpp(555,39): warning C4305: 'argument': truncation from 'double' to 'const GLfloat'
D:\dhcnhn\ki_6\DHMT\BaiTapLon\DHMT\Nhom7DHMT\GLSLExperiment\myRoom.cpp(559,39): warning C4305: 'argument': truncation from 'double' to 'const GLfloat'
D:\dhcnhn\ki_6\DHMT\BaiTapLon\DHMT\Nhom7DHMT\GLSLExperiment\myRoom.cpp(565,40): warning C4305: 'argument': truncation from 'double' to 'const GLfloat'
D:\dhcnhn\ki_6\DHMT\BaiTapLon\DHMT\Nhom7DHMT\GLSLExperiment\myRoom.cpp(580,41): warning C4305: 'argument': truncation from 'double' to 'const GLfloat'
D:\dhcnhn\ki_6\DHMT\BaiTapLon\DHMT\Nhom7DHMT\GLSLExperiment\myRoom.cpp(585,41): warning C4305: 'argument': truncation from 'double' to 'const GLfloat'
D:\dhcnhn\ki_6\DHMT\BaiTapLon\DHMT\Nhom7DHMT\GLSLExperiment\myRoom.cpp(590,41): warning C4305: 'argument': truncation from 'double' to 'const GLfloat'
D:\dhcnhn\ki_6\DHMT\BaiTapLon\DHMT\Nhom7DHMT\GLSLExperiment\myRoom.cpp(595,42): warning C4305: 'argument': truncation from 'double' to 'const GLfloat'
D:\dhcnhn\ki_6\DHMT\BaiTapLon\DHMT\Nhom7DHMT\GLSLExperiment\myRoom.cpp(600,42): warning C4305: 'argument': truncation from 'double' to 'const GLfloat'
D:\dhcnhn\ki_6\DHMT\BaiTapLon\DHMT\Nhom7DHMT\GLSLExperiment\myRoom.cpp(605,43): warning C4305: 'argument': truncation from 'double' to 'const GLfloat'
D:\dhcnhn\ki_6\DHMT\BaiTapLon\DHMT\Nhom7DHMT\GLSLExperiment\myRoom.cpp(610,43): warning C4305: 'argument': truncation from 'double' to 'const GLfloat'
D:\dhcnhn\ki_6\DHMT\BaiTapLon\DHMT\Nhom7DHMT\GLSLExperiment\myRoom.cpp(615,42): warning C4305: 'argument': truncation from 'double' to 'const GLfloat'
D:\dhcnhn\ki_6\DHMT\BaiTapLon\DHMT\Nhom7DHMT\GLSLExperiment\myRoom.cpp(620,42): warning C4305: 'argument': truncation from 'double' to 'const GLfloat'
D:\dhcnhn\ki_6\DHMT\BaiTapLon\DHMT\Nhom7DHMT\GLSLExperiment\myRoom.cpp(625,42): warning C4305: 'argument': truncation from 'double' to 'const GLfloat'
D:\dhcnhn\ki_6\DHMT\BaiTapLon\DHMT\Nhom7DHMT\GLSLExperiment\myRoom.cpp(644,37): warning C4305: 'argument': truncation from 'double' to 'const GLfloat'
D:\dhcnhn\ki_6\DHMT\BaiTapLon\DHMT\Nhom7DHMT\GLSLExperiment\myRoom.cpp(648,38): warning C4305: 'argument': truncation from 'double' to 'const GLfloat'
D:\dhcnhn\ki_6\DHMT\BaiTapLon\DHMT\Nhom7DHMT\GLSLExperiment\myRoom.cpp(653,40): warning C4305: 'argument': truncation from 'double' to 'const GLfloat'
D:\dhcnhn\ki_6\DHMT\BaiTapLon\DHMT\Nhom7DHMT\GLSLExperiment\myRoom.cpp(653,88): warning C4305: 'argument': truncation from 'double' to 'const GLfloat'
D:\dhcnhn\ki_6\DHMT\BaiTapLon\DHMT\Nhom7DHMT\GLSLExperiment\myRoom.cpp(673,26): warning C4305: 'argument': truncation from 'double' to 'GLfloat'
D:\dhcnhn\ki_6\DHMT\BaiTapLon\DHMT\Nhom7DHMT\GLSLExperiment\myRoom.cpp(678,26): warning C4305: 'argument': truncation from 'double' to 'GLfloat'
D:\dhcnhn\ki_6\DHMT\BaiTapLon\DHMT\Nhom7DHMT\GLSLExperiment\myRoom.cpp(683,26): warning C4305: 'argument': truncation from 'double' to 'GLfloat'
D:\dhcnhn\ki_6\DHMT\BaiTapLon\DHMT\Nhom7DHMT\GLSLExperiment\myRoom.cpp(717,43): warning C4305: 'argument': truncation from 'double' to 'const GLfloat'
D:\dhcnhn\ki_6\DHMT\BaiTapLon\DHMT\Nhom7DHMT\GLSLExperiment\myRoom.cpp(717,92): warning C4305: 'argument': truncation from 'double' to 'const GLfloat'
D:\dhcnhn\ki_6\DHMT\BaiTapLon\DHMT\Nhom7DHMT\GLSLExperiment\myRoom.cpp(724,43): warning C4305: 'argument': truncation from 'double' to 'const GLfloat'
D:\dhcnhn\ki_6\DHMT\BaiTapLon\DHMT\Nhom7DHMT\GLSLExperiment\myRoom.cpp(724,92): warning C4305: 'argument': truncation from 'double' to 'const GLfloat'
D:\dhcnhn\ki_6\DHMT\BaiTapLon\DHMT\Nhom7DHMT\GLSLExperiment\myRoom.cpp(729,35): warning C4244: 'argument': conversion from 'double' to 'const GLfloat', possible loss of data
D:\dhcnhn\ki_6\DHMT\BaiTapLon\DHMT\Nhom7DHMT\GLSLExperiment\myRoom.cpp(745,20): warning C4305: 'initializing': truncation from 'double' to 'GLfloat'
D:\dhcnhn\ki_6\DHMT\BaiTapLon\DHMT\Nhom7DHMT\GLSLExperiment\myRoom.cpp(751,49): warning C4305: 'argument': truncation from 'double' to 'const GLfloat'
D:\dhcnhn\ki_6\DHMT\BaiTapLon\DHMT\Nhom7DHMT\GLSLExperiment\myRoom.cpp(760,53): warning C4305: 'argument': truncation from 'double' to 'const GLfloat'
D:\dhcnhn\ki_6\DHMT\BaiTapLon\DHMT\Nhom7DHMT\GLSLExperiment\myRoom.cpp(769,54): warning C4305: 'argument': truncation from 'double' to 'const GLfloat'
D:\dhcnhn\ki_6\DHMT\BaiTapLon\DHMT\Nhom7DHMT\GLSLExperiment\myRoom.cpp(778,54): warning C4305: 'argument': truncation from 'double' to 'const GLfloat'
D:\dhcnhn\ki_6\DHMT\BaiTapLon\DHMT\Nhom7DHMT\GLSLExperiment\myRoom.cpp(793,43): warning C4305: 'argument': truncation from 'double' to 'const GLfloat'
D:\dhcnhn\ki_6\DHMT\BaiTapLon\DHMT\Nhom7DHMT\GLSLExperiment\myRoom.cpp(793,69): warning C4305: 'argument': truncation from 'double' to 'const GLfloat'
D:\dhcnhn\ki_6\DHMT\BaiTapLon\DHMT\Nhom7DHMT\GLSLExperiment\myRoom.cpp(804,39): warning C4305: 'argument': truncation from 'double' to 'const GLfloat'
D:\dhcnhn\ki_6\DHMT\BaiTapLon\DHMT\Nhom7DHMT\GLSLExperiment\myRoom.cpp(820,32): warning C4244: 'argument': conversion from 'double' to 'const GLfloat', possible loss of data
D:\dhcnhn\ki_6\DHMT\BaiTapLon\DHMT\Nhom7DHMT\GLSLExperiment\myRoom.cpp(815,10): warning C4101: 'kcrem': unreferenced local variable
D:\dhcnhn\ki_6\DHMT\BaiTapLon\DHMT\Nhom7DHMT\GLSLExperiment\myRoom.cpp(841,85): warning C4305: 'argument': truncation from 'double' to 'const GLfloat'
D:\dhcnhn\ki_6\DHMT\BaiTapLon\DHMT\Nhom7DHMT\GLSLExperiment\myRoom.cpp(897,15): warning C4305: '-=': truncation from 'double' to 'GLfloat'
D:\dhcnhn\ki_6\DHMT\BaiTapLon\DHMT\Nhom7DHMT\GLSLExperiment\myRoom.cpp(898,15): warning C4305: '+=': truncation from 'double' to 'GLfloat'
D:\dhcnhn\ki_6\DHMT\BaiTapLon\DHMT\Nhom7DHMT\GLSLExperiment\myRoom.cpp(902,15): warning C4305: '+=': truncation from 'double' to 'GLfloat'
D:\dhcnhn\ki_6\DHMT\BaiTapLon\DHMT\Nhom7DHMT\GLSLExperiment\myRoom.cpp(903,15): warning C4305: '-=': truncation from 'double' to 'GLfloat'
D:\dhcnhn\ki_6\DHMT\BaiTapLon\DHMT\Nhom7DHMT\GLSLExperiment\myRoom.cpp(917,12): warning C4305: '+=': truncation from 'double' to 'GLfloat'
D:\dhcnhn\ki_6\DHMT\BaiTapLon\DHMT\Nhom7DHMT\GLSLExperiment\myRoom.cpp(921,12): warning C4305: '-=': truncation from 'double' to 'GLfloat'
D:\dhcnhn\ki_6\DHMT\BaiTapLon\DHMT\Nhom7DHMT\GLSLExperiment\myRoom.cpp(936,16): warning C4305: '+=': truncation from 'double' to 'GLfloat'
D:\dhcnhn\ki_6\DHMT\BaiTapLon\DHMT\Nhom7DHMT\GLSLExperiment\myRoom.cpp(937,33): warning C4305: '-=': truncation from 'double' to 'GLfloat'
D:\dhcnhn\ki_6\DHMT\BaiTapLon\DHMT\Nhom7DHMT\GLSLExperiment\myRoom.cpp(942,16): warning C4305: '-=': truncation from 'double' to 'GLfloat'
D:\dhcnhn\ki_6\DHMT\BaiTapLon\DHMT\Nhom7DHMT\GLSLExperiment\myRoom.cpp(943,33): warning C4305: '+=': truncation from 'double' to 'GLfloat'
D:\dhcnhn\ki_6\DHMT\BaiTapLon\DHMT\Nhom7DHMT\GLSLExperiment\myRoom.cpp(948,15): warning C4305: '+=': truncation from 'double' to 'GLfloat'
D:\dhcnhn\ki_6\DHMT\BaiTapLon\DHMT\Nhom7DHMT\GLSLExperiment\myRoom.cpp(949,14): warning C4305: '+=': truncation from 'double' to 'GLfloat'
D:\dhcnhn\ki_6\DHMT\BaiTapLon\DHMT\Nhom7DHMT\GLSLExperiment\myRoom.cpp(1271,15): warning C4305: '-=': truncation from 'double' to 'GLfloat'
D:\dhcnhn\ki_6\DHMT\BaiTapLon\DHMT\Nhom7DHMT\GLSLExperiment\myRoom.cpp(1272,15): warning C4305: '+=': truncation from 'double' to 'GLfloat'
D:\dhcnhn\ki_6\DHMT\BaiTapLon\DHMT\Nhom7DHMT\GLSLExperiment\myRoom.cpp(1275,15): warning C4305: '+=': truncation from 'double' to 'GLfloat'
D:\dhcnhn\ki_6\DHMT\BaiTapLon\DHMT\Nhom7DHMT\GLSLExperiment\myRoom.cpp(1276,15): warning C4305: '+=': truncation from 'double' to 'GLfloat'
D:\dhcnhn\ki_6\DHMT\BaiTapLon\DHMT\Nhom7DHMT\GLSLExperiment\myRoom.cpp(1279,15): warning C4305: '+=': truncation from 'double' to 'GLfloat'
D:\dhcnhn\ki_6\DHMT\BaiTapLon\DHMT\Nhom7DHMT\GLSLExperiment\myRoom.cpp(1280,15): warning C4305: '-=': truncation from 'double' to 'GLfloat'
D:\dhcnhn\ki_6\DHMT\BaiTapLon\DHMT\Nhom7DHMT\GLSLExperiment\myRoom.cpp(1283,15): warning C4305: '-=': truncation from 'double' to 'GLfloat'
D:\dhcnhn\ki_6\DHMT\BaiTapLon\DHMT\Nhom7DHMT\GLSLExperiment\myRoom.cpp(1284,15): warning C4305: '-=': truncation from 'double' to 'GLfloat'
D:\dhcnhn\ki_6\DHMT\BaiTapLon\DHMT\Nhom7DHMT\GLSLExperiment\myRoom.cpp(1294,15): warning C4305: '+=': truncation from 'double' to 'GLfloat'
D:\dhcnhn\ki_6\DHMT\BaiTapLon\DHMT\Nhom7DHMT\GLSLExperiment\myRoom.cpp(1295,15): warning C4305: '+=': truncation from 'double' to 'GLfloat'
D:\dhcnhn\ki_6\DHMT\BaiTapLon\DHMT\Nhom7DHMT\GLSLExperiment\myRoom.cpp(1298,15): warning C4305: '-=': truncation from 'double' to 'GLfloat'
D:\dhcnhn\ki_6\DHMT\BaiTapLon\DHMT\Nhom7DHMT\GLSLExperiment\myRoom.cpp(1299,15): warning C4305: '+=': truncation from 'double' to 'GLfloat'
D:\dhcnhn\ki_6\DHMT\BaiTapLon\DHMT\Nhom7DHMT\GLSLExperiment\myRoom.cpp(1302,15): warning C4305: '-=': truncation from 'double' to 'GLfloat'
D:\dhcnhn\ki_6\DHMT\BaiTapLon\DHMT\Nhom7DHMT\GLSLExperiment\myRoom.cpp(1303,15): warning C4305: '-=': truncation from 'double' to 'GLfloat'
D:\dhcnhn\ki_6\DHMT\BaiTapLon\DHMT\Nhom7DHMT\GLSLExperiment\myRoom.cpp(1306,15): warning C4305: '+=': truncation from 'double' to 'GLfloat'
D:\dhcnhn\ki_6\DHMT\BaiTapLon\DHMT\Nhom7DHMT\GLSLExperiment\myRoom.cpp(1307,15): warning C4305: '-=': truncation from 'double' to 'GLfloat'
  GLSLExperiment.vcxproj -> D:\dhcnhn\ki_6\DHMT\BaiTapLon\DHMT\Nhom7DHMT\Debug\GLSLExperiment.exe
